[debug] [2019-05-08T05:52:56.693Z] ----------------------------------------------------------------------
[debug] [2019-05-08T05:52:56.698Z] Command:       C:\Program Files\nodejs\node.exe C:\Users\DELL\AppData\Roaming\npm\node_modules\firebase-tools\lib\bin\firebase.js init
[debug] [2019-05-08T05:52:56.698Z] CLI Version:   6.8.0
[debug] [2019-05-08T05:52:56.698Z] Platform:      win32
[debug] [2019-05-08T05:52:56.698Z] Node Version:  v10.15.3
[debug] [2019-05-08T05:52:56.700Z] Time:          Wed May 08 2019 00:52:56 GMT-0500 (GMT-05:00)
[debug] [2019-05-08T05:52:56.700Z] ----------------------------------------------------------------------
[debug] 
[debug] [2019-05-08T05:52:56.716Z] > command requires scopes: ["email","openid","https://www.googleapis.com/auth/cloudplatformprojects.readonly","https://www.googleapis.com/auth/firebase","https://www.googleapis.com/auth/cloud-platform"]
[debug] [2019-05-08T05:52:56.716Z] > authorizing via signed-in user
[info] 
     ######## #### ########  ######## ########     ###     ######  ########
     ##        ##  ##     ## ##       ##     ##  ##   ##  ##       ##
     ######    ##  ########  ######   ########  #########  ######  ######
     ##        ##  ##    ##  ##       ##     ## ##     ##       ## ##
     ##       #### ##     ## ######## ########  ##     ##  ######  ########

You're about to initialize a Firebase project in this directory:

  C:\Users\DELL\Desktop

Before we get started, keep in mind:

  * You are initializing in an existing Firebase project directory

[info] 
=== Project Setup
[info] 
[info] First, let's associate this project directory with a Firebase project.
[info] You can create multiple project aliases by running firebase use --add, 
[info] but for now we'll just set up a default project.
[info] 
[info] i  .firebaserc already has a default project, skipping
[info] 
=== Hosting Setup
[info] 
[info] Your public directory is the folder (relative to your project directory) that
[info] will contain Hosting assets to be uploaded with firebase deploy. If you
[info] have a build process for your assets, use your build's output directory.
[info] 
